<?xml version="1.0" encoding="UTF-8"?>
<!-- Generated by org.testng.reporters.JUnitReportReporter -->
<testsuite hostname="WL354462" name="com.BusinessScript.HelloWorld2" tests="1" failures="0" timestamp="5 Apr 2018 13:00:03 GMT" time="34.088" errors="0">
  <testcase name="TC0002" time="34.088" classname="com.BusinessScript.HelloWorld2"/>
</testsuite> <!-- com.BusinessScript.HelloWorld2 -->
