<?xml version="1.0" encoding="UTF-8"?>
<!-- Generated by org.testng.reporters.JUnitReportReporter -->
<testsuite hostname="WL354462" name="com.BusinessScript.HelloWorld1" tests="1" failures="0" timestamp="5 Apr 2018 13:00:03 GMT" time="226.095" errors="0">
  <testcase name="TC0001" time="226.095" classname="com.BusinessScript.HelloWorld1"/>
</testsuite> <!-- com.BusinessScript.HelloWorld1 -->
