<?xml version="1.0" encoding="UTF-8"?>
<!-- Generated by org.testng.reporters.JUnitReportReporter -->
<testsuite hostname="WL354462" name="com.BusinessScript.CyclosDemo" tests="1" failures="0" timestamp="9 Apr 2018 11:24:36 GMT" time="12.672" errors="0">
  <testcase name="TC0001" time="12.672" classname="com.BusinessScript.CyclosDemo"/>
</testsuite> <!-- com.BusinessScript.CyclosDemo -->
