<?xml version="1.0" encoding="UTF-8"?>
<!-- Generated by org.testng.reporters.JUnitReportReporter -->
<testsuite hostname="WL312451" name="com.BusinessScript.HelloWorld3" tests="1" failures="0" timestamp="3 Aug 2016 10:03:38 GMT" time="42.470" errors="0">
  <testcase name="TC0003" time="42.470" classname="com.BusinessScript.HelloWorld3"/>
</testsuite> <!-- com.BusinessScript.HelloWorld3 -->
